#
# There is insufficient memory for the Java Runtime Environment to continue.
# Native memory allocation (mmap) failed to map 134217728 bytes for Failed to commit area from 0x0000000081c00000 to 0x0000000089c00000 of length 134217728.
# Possible reasons:
#   The system is out of physical RAM or swap space
#   The process is running with CompressedOops enabled, and the Java Heap may be blocking the growth of the native heap
# Possible solutions:
#   Reduce memory load on the system
#   Increase physical memory or swap space
#   Check if swap backing store is full
#   Decrease Java heap size (-Xmx/-Xms)
#   Decrease number of Java threads
#   Decrease Java thread stack sizes (-Xss)
#   Set larger code cache with -XX:ReservedCodeCacheSize=
# This output file may be truncated or incomplete.
#
#  Out of Memory Error (./src/hotspot/os/windows/os_windows.cpp:3511), pid=13640, tid=17332
#
# JRE version:  (11.0.11+9) (build )
# Java VM: OpenJDK 64-Bit Server VM (11.0.11+9-b1504.13, mixed mode, sharing, tiered, compressed oops, g1 gc, windows-amd64)
# No core dump will be written. Minidumps are not enabled by default on client versions of Windows
#

---------------  S U M M A R Y ------------

Command Line: git4idea.http.GitAskPassApp Username for 'https://github.com': 

Host: Intel(R) Core(TM) i7-7700HQ CPU @ 2.80GHz, 8 cores, 7G,  Windows 10 , 64 bit Build 19041 (10.0.19041.1023)
Time: Fri Aug  6 00:21:59 2021 Västeuropa, sommartid elapsed time: 0.019343 seconds (0d 0h 0m 0s)

---------------  T H R E A D  ---------------

Current thread (0x000002845fa6c800):  JavaThread "Unknown thread" [_thread_in_vm, id=17332, stack(0x000000e0d1b00000,0x000000e0d1c00000)]

Stack: [0x000000e0d1b00000,0x000000e0d1c00000]
Native frames: (J=compiled Java code, j=interpreted, Vv=VM code, C=native code)
V  [jvm.dll+0x5f5d5a]
V  [jvm.dll+0x7798b5]
V  [jvm.dll+0x77aecd]
V  [jvm.dll+0x77b583]
V  [jvm.dll+0x244978]
V  [jvm.dll+0x5f3174]
V  [jvm.dll+0x5e7d55]
V  [jvm.dll+0x30068b]
V  [jvm.dll+0x3005fa]
V  [jvm.dll+0x3004d2]
V  [jvm.dll+0x3053c6]
V  [jvm.dll+0x34e0a3]
V  [jvm.dll+0x34e7a6]
V  [jvm.dll+0x34e1a3]
V  [jvm.dll+0x2db0c8]
V  [jvm.dll+0x2dc267]
V  [jvm.dll+0x758057]
V  [jvm.dll+0x75984c]
V  [jvm.dll+0x35b659]
V  [jvm.dll+0x73b67e]
V  [jvm.dll+0x3c39f3]
V  [jvm.dll+0x3c5dd1]
C  [jli.dll+0x5373]
C  [ucrtbase.dll+0x21bb2]
C  [KERNEL32.DLL+0x17034]
C  [ntdll.dll+0x52651]


---------------  P R O C E S S  ---------------

Threads class SMR info:
_java_thread_list=0x000002845d83aaa0, length=0, elements={
}

Java Threads: ( => current thread )

Other Threads:
  0x000002845fa84800 GCTaskThread "GC Thread#0" [stack: 0x000000e0d1c00000,0x000000e0d1d00000] [id=17992]
  0x000002845fab6000 ConcurrentGCThread "G1 Main Marker" [stack: 0x000000e0d1d00000,0x000000e0d1e00000] [id=4524]
  0x000002845fab8800 ConcurrentGCThread "G1 Conc#0" [stack: 0x000000e0d1e00000,0x000000e0d1f00000] [id=22244]

[error occurred during error reporting (printing all threads), id 0xc0000005, EXCEPTION_ACCESS_VIOLATION (0xc0000005) at pc=0x00007ffa2465b8f7]

VM state:not at safepoint (not fully initialized)

VM Mutex/Monitor currently owned by a thread:  ([mutex/lock_event])
[0x000002845fa68450] Heap_lock - owner thread: 0x000002845fa6c800

Heap address: 0x0000000081c00000, size: 2020 MB, Compressed Oops mode: Non-zero based: 0x0000000081c00000
Narrow klass base: 0x0000000000000000, Narrow klass shift: 0

GC Heap History (0 events):
No events

Deoptimization events (0 events):
No events

Classes redefined (0 events):
No events

Internal exceptions (0 events):
No events

Events (1 events):
Event: 0.012 Loaded shared library C:\Program Files\JetBrains\IntelliJ IDEA 2021.1.3\jbr\bin\zip.dll


Dynamic libraries:
0x00007ff7f9ef0000 - 0x00007ff7f9efa000 	C:\Program Files\JetBrains\IntelliJ IDEA 2021.1.3\jbr\bin\java.exe
0x00007ffa5b490000 - 0x00007ffa5b685000 	C:\WINDOWS\SYSTEM32\ntdll.dll
0x00007ffa59a60000 - 0x00007ffa59b1d000 	C:\WINDOWS\System32\KERNEL32.DLL
0x00007ffa58bd0000 - 0x00007ffa58e99000 	C:\WINDOWS\System32\KERNELBASE.dll
0x00007ffa591c0000 - 0x00007ffa592c0000 	C:\WINDOWS\System32\ucrtbase.dll
0x00007ffa52a50000 - 0x00007ffa52a67000 	C:\Program Files\JetBrains\IntelliJ IDEA 2021.1.3\jbr\bin\VCRUNTIME140.dll
0x00007ffa52750000 - 0x00007ffa52769000 	C:\Program Files\JetBrains\IntelliJ IDEA 2021.1.3\jbr\bin\jli.dll
0x00007ffa5b230000 - 0x00007ffa5b3d0000 	C:\WINDOWS\System32\USER32.dll
0x00007ffa3e570000 - 0x00007ffa3e80a000 	C:\WINDOWS\WinSxS\amd64_microsoft.windows.common-controls_6595b64144ccf1df_6.0.19041.1110_none_60b5254171f9507e\COMCTL32.dll
0x00007ffa59420000 - 0x00007ffa59442000 	C:\WINDOWS\System32\win32u.dll
0x00007ffa5aad0000 - 0x00007ffa5aafa000 	C:\WINDOWS\System32\GDI32.dll
0x00007ffa595c0000 - 0x00007ffa5965e000 	C:\WINDOWS\System32\msvcrt.dll
0x00007ffa592c0000 - 0x00007ffa593cb000 	C:\WINDOWS\System32\gdi32full.dll
0x00007ffa58f00000 - 0x00007ffa58f9d000 	C:\WINDOWS\System32\msvcp_win.dll
0x00007ffa59500000 - 0x00007ffa59530000 	C:\WINDOWS\System32\IMM32.DLL
0x00007ffa30d60000 - 0x00007ffa30dfd000 	C:\Program Files\JetBrains\IntelliJ IDEA 2021.1.3\jbr\bin\msvcp140.dll
0x00007ffa24370000 - 0x00007ffa24eba000 	C:\Program Files\JetBrains\IntelliJ IDEA 2021.1.3\jbr\bin\server\jvm.dll
0x00007ffa5ac00000 - 0x00007ffa5acac000 	C:\WINDOWS\System32\ADVAPI32.dll
0x00007ffa5ab00000 - 0x00007ffa5ab9b000 	C:\WINDOWS\System32\sechost.dll
0x00007ffa5ad60000 - 0x00007ffa5ae8a000 	C:\WINDOWS\System32\RPCRT4.dll
0x00007ffa59740000 - 0x00007ffa59748000 	C:\WINDOWS\System32\PSAPI.DLL
0x00007ffa53f10000 - 0x00007ffa53f37000 	C:\WINDOWS\SYSTEM32\WINMM.dll
0x00007ffa44e50000 - 0x00007ffa44e59000 	C:\WINDOWS\SYSTEM32\WSOCK32.dll
0x00007ffa51980000 - 0x00007ffa5198a000 	C:\WINDOWS\SYSTEM32\VERSION.dll
0x00007ffa59930000 - 0x00007ffa5999b000 	C:\WINDOWS\System32\WS2_32.dll
0x00007ffa574e0000 - 0x00007ffa574f2000 	C:\WINDOWS\SYSTEM32\kernel.appcore.dll
0x00007ffa40750000 - 0x00007ffa40761000 	C:\Program Files\JetBrains\IntelliJ IDEA 2021.1.3\jbr\bin\verify.dll
0x00007ffa57190000 - 0x00007ffa57374000 	C:\WINDOWS\SYSTEM32\DBGHELP.DLL
0x00007ffa43570000 - 0x00007ffa4359c000 	C:\WINDOWS\SYSTEM32\dbgcore.DLL
0x00007ffa58fd0000 - 0x00007ffa59053000 	C:\WINDOWS\System32\bcryptPrimitives.dll
0x00007ffa3e2a0000 - 0x00007ffa3e2c9000 	C:\Program Files\JetBrains\IntelliJ IDEA 2021.1.3\jbr\bin\java.dll
0x00007ffa52780000 - 0x00007ffa5278b000 	C:\Program Files\JetBrains\IntelliJ IDEA 2021.1.3\jbr\bin\jimage.dll
0x00007ffa3e280000 - 0x00007ffa3e298000 	C:\Program Files\JetBrains\IntelliJ IDEA 2021.1.3\jbr\bin\zip.dll

dbghelp: loaded successfully - version: 4.0.5 - missing functions: none
symbol engine: initialized successfully - sym options: 0x614 - pdb path: .;C:\Program Files\JetBrains\IntelliJ IDEA 2021.1.3\jbr\bin;C:\WINDOWS\SYSTEM32;C:\WINDOWS\WinSxS\amd64_microsoft.windows.common-controls_6595b64144ccf1df_6.0.19041.1110_none_60b5254171f9507e;C:\Program Files\JetBrains\IntelliJ IDEA 2021.1.3\jbr\bin\server

VM Arguments:
java_command: git4idea.http.GitAskPassApp Username for 'https://github.com': 
java_class_path (initial): C:/Program Files/JetBrains/IntelliJ IDEA 2021.1.3/plugins/git4idea/lib/git4idea-rt.jar;C:/Program Files/JetBrains/IntelliJ IDEA 2021.1.3/lib/3rd-party.jar
Launcher Type: SUN_STANDARD

[Global flags]
     intx CICompilerCount                          = 4                                         {product} {ergonomic}
     uint ConcGCThreads                            = 2                                         {product} {ergonomic}
     uint G1ConcRefinementThreads                  = 8                                         {product} {ergonomic}
   size_t G1HeapRegionSize                         = 1048576                                   {product} {ergonomic}
    uintx GCDrainStackTargetSize                   = 64                                        {product} {ergonomic}
   size_t InitialHeapSize                          = 134217728                                 {product} {ergonomic}
   size_t MarkStackSize                            = 4194304                                   {product} {ergonomic}
   size_t MaxHeapSize                              = 2118123520                                {product} {ergonomic}
   size_t MinHeapDeltaBytes                        = 1048576                                   {product} {ergonomic}
    uintx NonNMethodCodeHeapSize                   = 5836300                                {pd product} {ergonomic}
    uintx NonProfiledCodeHeapSize                  = 122910970                              {pd product} {ergonomic}
    uintx ProfiledCodeHeapSize                     = 122910970                              {pd product} {ergonomic}
    uintx ReservedCodeCacheSize                    = 251658240                              {pd product} {ergonomic}
     bool SegmentedCodeCache                       = true                                      {product} {ergonomic}
     bool UseCompressedClassPointers               = true                                 {lp64_product} {ergonomic}
     bool UseCompressedOops                        = true                                 {lp64_product} {ergonomic}
     bool UseG1GC                                  = true                                      {product} {ergonomic}
     bool UseLargePagesIndividualAllocation        = false                                  {pd product} {ergonomic}

Logging:
Log output configuration:
 #0: stdout all=warning uptime,level,tags
 #1: stderr all=off uptime,level,tags

Environment Variables:
PATH=C:/Program Files/Git/mingw64/libexec/git-core;C:/Program Files/Git/mingw64/libexec/git-core;C:\Program Files\Git\mingw64\bin;C:\Program Files\Git\usr\bin;C:\Users\RageQuitORCH\bin;C:\WINDOWS\system32;C:\WINDOWS;C:\WINDOWS\System32\Wbem;C:\WINDOWS\System32\WindowsPowerShell\v1.0\;C:\WINDOWS\System32\OpenSSH\;C:\Program Files\Git\cmd;C:\Program Files\nodejs\;C:\Users\RageQuitORCH\AppData\Local\Microsoft\WindowsApps;C:\Users\RageQuitORCH\AppData\Roaming\npm;C:\Users\RageQuitORCH\AppData\Local\GitHubDesktop\bin;C:\Users\RageQuitORCH\AppData\Local\Programs\Microsoft VS Code\bin
USERNAME=RageQuitORCH
DISPLAY=:0.0
LC_ALL=en_US.UTF-8
OS=Windows_NT
PROCESSOR_IDENTIFIER=Intel64 Family 6 Model 158 Stepping 9, GenuineIntel



---------------  S Y S T E M  ---------------

OS: Windows 10 , 64 bit Build 19041 (10.0.19041.1023)
OS uptime: 14 days 13:46 hours

CPU:total 8 (initial active 8) (4 cores per cpu, 2 threads per core) family 6 model 158 stepping 9 microcode 0xde, cmov, cx8, fxsr, mmx, sse, sse2, sse3, ssse3, sse4.1, sse4.2, popcnt, avx, avx2, aes, clmul, erms, 3dnowpref, lzcnt, ht, tsc, tscinvbit, bmi1, bmi2, adx, fma

Memory: 4k page, system-wide physical 8076M (387M free)
TotalPageFile size 32652M (AvailPageFile size 129M)
current process WorkingSet (physical memory assigned to process): 9M, peak: 9M
current process commit charge ("private bytes"): 59M, peak: 187M

vm_info: OpenJDK 64-Bit Server VM (11.0.11+9-b1504.13) for windows-amd64 JRE (11.0.11+9-b1504.13), built on Jul 18 2021 03:17:44 by "" with MS VC++ 14.0 (VS2015)

END.
